<?xml version="1.0" encoding="UTF-8"?>
<testsuite xmlns:xsi="http://www.w3.org/2001/XMLSchema-instance" xsi:noNamespaceSchemaLocation="https://maven.apache.org/surefire/maven-surefire-plugin/xsd/surefire-test-report-3.0.xsd" version="3.0" name="com.example.takterrassen_backend.TakterrassenBackendApplicationTests" time="1.028" tests="1" errors="0" skipped="0" failures="0">
  <properties>
[...]
</properties>
  <testcase name="contextLoads" classname="com.example.takterrassen_backend.TakterrassenBackendApplicationTests" time="0.385">
    <system-out><![CDATA[14:57:32.411 [main] INFO org.springframework.test.context.support.AnnotationConfigContextLoaderUtils -- Could not detect default configuration classes for test class [com.example.takterrassen_backend.TakterrassenBackendApplicationTests]: TakterrassenBackendApplicationTests does not declare any static, non-private, non-final, nested classes annotated with @Configuration.
14:57:32.450 [main] INFO org.springframework.boot.test.context.SpringBootTestContextBootstrapper -- Found @SpringBootConfiguration com.example.takterrassen_backend.BookingApplication for test class com.example.takterrassen_backend.TakterrassenBackendApplicationTests
14:57:32.498 [main] INFO org.springframework.boot.devtools.restart.RestartApplicationListener -- Restart disabled due to context in which it is running

  .   ____          _            __ _ _
 /\\ / ___'_ __ _ _(_)_ __  __ _ \ \ \ \
( ( )\___ | '_ | '_| | '_ \/ _` | \ \ \ \
 \\/  ___)| |_)| | | | | || (_| |  ) ) ) )
  '  |____| .__|_| |_|_| |_\__, | / / / /
 =========|_|==============|___/=/_/_/_/

 :: Spring Boot ::                (v3.3.4)

2024-11-07T14:57:32.572+01:00  INFO 41801 --- [takterrassen_backend] [           main] .e.t.TakterrassenBackendApplicationTests : Starting TakterrassenBackendApplicationTests using Java 21.0.1 with PID 41801 (started by haakon.gunleiksrud in /Users/haakon.gunleiksrud/personal_projects/takterrassen_backend)
2024-11-07T14:57:32.572+01:00  INFO 41801 --- [takterrassen_backend] [           main] .e.t.TakterrassenBackendApplicationTests : No active profile set, falling back to 1 default profile: "default"
2024-11-07T14:57:32.972+01:00  INFO 41801 --- [takterrassen_backend] [           main] o.s.s.config.TaskSchedulerRouter         : No TaskScheduler/ScheduledExecutorService bean found for scheduled processing
2024-11-07T14:57:32.974+01:00  INFO 41801 --- [takterrassen_backend] [           main] .e.t.TakterrassenBackendApplicationTests : Started TakterrassenBackendApplicationTests in 0.479 seconds (process running for 0.838)
]]></system-out>
    <system-err><![CDATA[WARNING: A Java agent has been loaded dynamically (/Users/haakon.gunleiksrud/.m2/repository/net/bytebuddy/byte-buddy-agent/1.14.19/byte-buddy-agent-1.14.19.jar)
WARNING: If a serviceability tool is in use, please run with -XX:+EnableDynamicAgentLoading to hide this warning
WARNING: If a serviceability tool is not in use, please run with -Djdk.instrument.traceUsage for more information
WARNING: Dynamic loading of agents will be disallowed by default in a future release
]]></system-err>
  </testcase>
</testsuite>